# JRE version: OpenJDK Runtime Environment Microsoft-32931 (17.0.3+7) (build 17.0.3+7-LTS)
# Java VM: OpenJDK 64-Bit Server VM Microsoft-32931 (17.0.3+7-LTS, mixed mode, tiered, compressed oops, compressed class ptrs, g1 gc, windows-amd64)
GC Precious Log:
 CPUs: 4 total, 4 available
 Memory: 16334M
 Large Page Support: Disabled
 NUMA Support: Disabled
 Compressed Oops: Enabled (Zero based)
 Heap Region Size: 32M
 Heap Min Capacity: 32M
 Heap Initial Capacity: 256M
 Heap Max Capacity: 7680M
 Pre-touch: Disabled
 Parallel Workers: 4
 Concurrent Workers: 1
 Concurrent Refinement Workers: 4
 Periodic GC: Disabled
Heap:
 garbage-first heap   total 2752512K, used 1466768K [0x0000000620000000, 0x0000000800000000)
  region size 32768K, 5 young (163840K), 2 survivors (65536K)
 Metaspace       used 191427K, committed 193664K, reserved 1220608K
  class space    used 29119K, committed 30144K, reserved 1048576K
GC Heap History (20 events):
Event: 54.257 GC heap before
{Heap before GC invocations=53 (full 0):
 garbage-first heap   total 2752512K, used 2083461K [0x0000000620000000, 0x0000000800000000)
  region size 32768K, 47 young (1540096K), 2 survivors (65536K)
 Metaspace       used 156182K, committed 158080K, reserved 1187840K
  class space    used 24205K, committed 25088K, reserved 1048576K
}
Event: 54.289 GC heap after
{Heap after GC invocations=54 (full 0):
 garbage-first heap   total 2752512K, used 626000K [0x0000000620000000, 0x0000000800000000)
  region size 32768K, 2 young (65536K), 2 survivors (65536K)
 Metaspace       used 156182K, committed 158080K, reserved 1187840K
  class space    used 24205K, committed 25088K, reserved 1048576K
}
Event: 56.203 GC heap before
{Heap before GC invocations=54 (full 0):
 garbage-first heap   total 2752512K, used 2067792K [0x0000000620000000, 0x0000000800000000)
  region size 32768K, 47 young (1540096K), 2 survivors (65536K)
 Metaspace       used 156277K, committed 158272K, reserved 1187840K
  class space    used 24209K, committed 25088K, reserved 1048576K
}
Event: 56.283 GC heap after
{Heap after GC invocations=55 (full 0):
 garbage-first heap   total 2752512K, used 709255K [0x0000000620000000, 0x0000000800000000)
  region size 32768K, 5 young (163840K), 5 survivors (163840K)
 Metaspace       used 156277K, committed 158272K, reserved 1187840K
  class space    used 24209K, committed 25088K, reserved 1048576K
}
Event: 84.738 GC heap before
{Heap before GC invocations=55 (full 0):
 garbage-first heap   total 2752512K, used 1069703K [0x0000000620000000, 0x0000000800000000)
  region size 32768K, 16 young (524288K), 5 survivors (163840K)
 Metaspace       used 157317K, committed 159296K, reserved 1187840K
  class space    used 24304K, committed 25216K, reserved 1048576K
}
Event: 84.811 GC heap after
{Heap after GC invocations=56 (full 0):
 garbage-first heap   total 2752512K, used 714929K [0x0000000620000000, 0x0000000800000000)
  region size 32768K, 1 young (32768K), 1 survivors (32768K)
 Metaspace       used 157317K, committed 159296K, reserved 1187840K
  class space    used 24304K, committed 25216K, reserved 1048576K
}
Event: 110.919 GC heap before
{Heap before GC invocations=56 (full 0):
 garbage-first heap   total 2752512K, used 1992881K [0x0000000620000000, 0x0000000800000000)
  region size 32768K, 40 young (1310720K), 1 survivors (32768K)
 Metaspace       used 164280K, committed 166272K, reserved 1196032K
  class space    used 25521K, committed 26432K, reserved 1048576K
}
Event: 110.940 GC heap after
{Heap after GC invocations=57 (full 0):
 garbage-first heap   total 2752512K, used 713554K [0x0000000620000000, 0x0000000800000000)
  region size 32768K, 1 young (32768K), 1 survivors (32768K)
 Metaspace       used 164280K, committed 166272K, reserved 1196032K
  class space    used 25521K, committed 26432K, reserved 1048576K
}
Event: 113.353 GC heap before
{Heap before GC invocations=57 (full 0):
 garbage-first heap   total 2752512K, used 1860434K [0x0000000620000000, 0x0000000800000000)
  region size 32768K, 36 young (1179648K), 1 survivors (32768K)
 Metaspace       used 166837K, committed 168768K, reserved 1196032K
  class space    used 25877K, committed 26752K, reserved 1048576K
}
Event: 113.378 GC heap after
{Heap after GC invocations=58 (full 0):
 garbage-first heap   total 2752512K, used 725558K [0x0000000620000000, 0x0000000800000000)
  region size 32768K, 1 young (32768K), 1 survivors (32768K)
 Metaspace       used 166837K, committed 168768K, reserved 1196032K
  class space    used 25877K, committed 26752K, reserved 1048576K
}
Event: 120.192 GC heap before
{Heap before GC invocations=58 (full 0):
 garbage-first heap   total 2752512K, used 1806902K [0x0000000620000000, 0x0000000800000000)
  region size 32768K, 34 young (1114112K), 1 survivors (32768K)
 Metaspace       used 172110K, committed 174144K, reserved 1204224K
  class space    used 26525K, committed 27456K, reserved 1048576K
}
Event: 120.545 GC heap after
{Heap after GC invocations=59 (full 0):
 garbage-first heap   total 2752512K, used 1107485K [0x0000000620000000, 0x0000000800000000)
  region size 32768K, 5 young (163840K), 5 survivors (163840K)
 Metaspace       used 172110K, committed 174144K, reserved 1204224K
  class space    used 26525K, committed 27456K, reserved 1048576K
}
Event: 122.066 GC heap before
{Heap before GC invocations=59 (full 0):
 garbage-first heap   total 2752512K, used 1467933K [0x0000000620000000, 0x0000000800000000)
  region size 32768K, 16 young (524288K), 5 survivors (163840K)
 Metaspace       used 173446K, committed 175488K, reserved 1204224K
  class space    used 26724K, committed 27648K, reserved 1048576K
}
Event: 122.293 GC heap after
{Heap after GC invocations=60 (full 0):
 garbage-first heap   total 2752512K, used 1263971K [0x0000000620000000, 0x0000000800000000)
  region size 32768K, 2 young (65536K), 2 survivors (65536K)
 Metaspace       used 173446K, committed 175488K, reserved 1204224K
  class space    used 26724K, committed 27648K, reserved 1048576K
}
Event: 123.558 GC heap before
{Heap before GC invocations=60 (full 0):
 garbage-first heap   total 2752512K, used 1722723K [0x0000000620000000, 0x0000000800000000)
  region size 32768K, 16 young (524288K), 2 survivors (65536K)
 Metaspace       used 173851K, committed 175936K, reserved 1204224K
  class space    used 26786K, committed 27712K, reserved 1048576K
}
Event: 123.674 GC heap after
{Heap after GC invocations=61 (full 0):
 garbage-first heap   total 2752512K, used 1346232K [0x0000000620000000, 0x0000000800000000)
  region size 32768K, 2 young (65536K), 2 survivors (65536K)
 Metaspace       used 173851K, committed 175936K, reserved 1204224K
  class space    used 26786K, committed 27712K, reserved 1048576K
}
Event: 127.021 GC heap before
{Heap before GC invocations=61 (full 0):
 garbage-first heap   total 2752512K, used 1804984K [0x0000000620000000, 0x0000000800000000)
  region size 32768K, 16 young (524288K), 2 survivors (65536K)
 Metaspace       used 181008K, committed 183104K, reserved 1204224K
  class space    used 27669K, committed 28608K, reserved 1048576K
}
Event: 127.107 GC heap after
{Heap after GC invocations=62 (full 0):
 garbage-first heap   total 2752512K, used 1390462K [0x0000000620000000, 0x0000000800000000)
  region size 32768K, 2 young (65536K), 2 survivors (65536K)
 Metaspace       used 181008K, committed 183104K, reserved 1204224K
  class space    used 27669K, committed 28608K, reserved 1048576K
}
Event: 131.353 GC heap before
{Heap before GC invocations=63 (full 0):
 garbage-first heap   total 2752512K, used 1849214K [0x0000000620000000, 0x0000000800000000)
  region size 32768K, 16 young (524288K), 2 survivors (65536K)
 Metaspace       used 188235K, committed 190400K, reserved 1212416K
  class space    used 28727K, committed 29696K, reserved 1048576K
}
Event: 131.395 GC heap after
{Heap after GC invocations=64 (full 0):
 garbage-first heap   total 2752512K, used 1433791K [0x0000000620000000, 0x0000000800000000)
  region size 32768K, 2 young (65536K), 2 survivors (65536K)
 Metaspace       used 188235K, committed 190400K, reserved 1212416K
  class space    used 28727K, committed 29696K, reserved 1048576K
}

