# JRE version: OpenJDK Runtime Environment Microsoft-32931 (17.0.3+7) (build 17.0.3+7-LTS)
# Java VM: OpenJDK 64-Bit Server VM Microsoft-32931 (17.0.3+7-LTS, mixed mode, tiered, compressed oops, compressed class ptrs, g1 gc, windows-amd64)
GC Precious Log:
 CPUs: 4 total, 4 available
 Memory: 16334M
 Large Page Support: Disabled
 NUMA Support: Disabled
 Compressed Oops: Enabled (Zero based)
 Heap Region Size: 32M
 Heap Min Capacity: 32M
 Heap Initial Capacity: 256M
 Heap Max Capacity: 7680M
 Pre-touch: Disabled
 Parallel Workers: 4
 Concurrent Workers: 1
 Concurrent Refinement Workers: 4
 Periodic GC: Disabled
Heap:
 garbage-first heap   total 3080192K, used 1913123K [0x0000000620000000, 0x0000000800000000)
  region size 32768K, 13 young (425984K), 3 survivors (98304K)
 Metaspace       used 189741K, committed 191936K, reserved 1212416K
  class space    used 28815K, committed 29824K, reserved 1048576K
GC Heap History (20 events):
Event: 80.828 GC heap before
{Heap before GC invocations=50 (full 0):
 garbage-first heap   total 2916352K, used 1144527K [0x0000000620000000, 0x0000000800000000)
  region size 32768K, 17 young (557056K), 4 survivors (131072K)
 Metaspace       used 157790K, committed 159744K, reserved 1187840K
  class space    used 24398K, committed 25280K, reserved 1048576K
}
Event: 80.899 GC heap after
{Heap after GC invocations=51 (full 0):
 garbage-first heap   total 2916352K, used 743180K [0x0000000620000000, 0x0000000800000000)
  region size 32768K, 1 young (32768K), 1 survivors (32768K)
 Metaspace       used 157790K, committed 159744K, reserved 1187840K
  class space    used 24398K, committed 25280K, reserved 1048576K
}
Event: 85.103 GC heap before
{Heap before GC invocations=51 (full 0):
 garbage-first heap   total 2916352K, used 2184972K [0x0000000620000000, 0x0000000800000000)
  region size 32768K, 45 young (1474560K), 1 survivors (32768K)
 Metaspace       used 165095K, committed 166976K, reserved 1196032K
  class space    used 25590K, committed 26432K, reserved 1048576K
}
Event: 85.138 GC heap after
{Heap after GC invocations=52 (full 0):
 garbage-first heap   total 2916352K, used 765476K [0x0000000620000000, 0x0000000800000000)
  region size 32768K, 2 young (65536K), 2 survivors (65536K)
 Metaspace       used 165095K, committed 166976K, reserved 1196032K
  class space    used 25590K, committed 26432K, reserved 1048576K
}
Event: 86.744 GC heap before
{Heap before GC invocations=52 (full 0):
 garbage-first heap   total 2916352K, used 1256996K [0x0000000620000000, 0x0000000800000000)
  region size 32768K, 17 young (557056K), 2 survivors (65536K)
 Metaspace       used 165709K, committed 167680K, reserved 1196032K
  class space    used 25691K, committed 26560K, reserved 1048576K
}
Event: 86.765 GC heap after
{Heap after GC invocations=53 (full 0):
 garbage-first heap   total 2916352K, used 747149K [0x0000000620000000, 0x0000000800000000)
  region size 32768K, 1 young (32768K), 1 survivors (32768K)
 Metaspace       used 165709K, committed 167680K, reserved 1196032K
  class space    used 25691K, committed 26560K, reserved 1048576K
}
Event: 91.429 GC heap before
{Heap before GC invocations=53 (full 0):
 garbage-first heap   total 2916352K, used 1697421K [0x0000000620000000, 0x0000000800000000)
  region size 32768K, 30 young (983040K), 1 survivors (32768K)
 Metaspace       used 170651K, committed 172608K, reserved 1196032K
  class space    used 26297K, committed 27200K, reserved 1048576K
}
Event: 91.715 GC heap after
{Heap after GC invocations=54 (full 0):
 garbage-first heap   total 2916352K, used 1135307K [0x0000000620000000, 0x0000000800000000)
  region size 32768K, 4 young (131072K), 4 survivors (131072K)
 Metaspace       used 170651K, committed 172608K, reserved 1196032K
  class space    used 26297K, committed 27200K, reserved 1048576K
}
Event: 92.489 GC heap before
{Heap before GC invocations=54 (full 0):
 garbage-first heap   total 2916352K, used 1561291K [0x0000000620000000, 0x0000000800000000)
  region size 32768K, 17 young (557056K), 4 survivors (131072K)
 Metaspace       used 171548K, committed 173504K, reserved 1196032K
  class space    used 26389K, committed 27264K, reserved 1048576K
}
Event: 92.729 GC heap after
{Heap after GC invocations=55 (full 0):
 garbage-first heap   total 2916352K, used 1408704K [0x0000000620000000, 0x0000000800000000)
  region size 32768K, 3 young (98304K), 3 survivors (98304K)
 Metaspace       used 171548K, committed 173504K, reserved 1196032K
  class space    used 26389K, committed 27264K, reserved 1048576K
}
Event: 94.102 GC heap before
{Heap before GC invocations=55 (full 0):
 garbage-first heap   total 2916352K, used 1867456K [0x0000000620000000, 0x0000000800000000)
  region size 32768K, 17 young (557056K), 3 survivors (98304K)
 Metaspace       used 172558K, committed 174528K, reserved 1196032K
  class space    used 26560K, committed 27456K, reserved 1048576K
}
Event: 94.244 GC heap after
{Heap after GC invocations=56 (full 0):
 garbage-first heap   total 2916352K, used 1525934K [0x0000000620000000, 0x0000000800000000)
  region size 32768K, 3 young (98304K), 3 survivors (98304K)
 Metaspace       used 172558K, committed 174528K, reserved 1196032K
  class space    used 26560K, committed 27456K, reserved 1048576K
}
Event: 95.239 GC heap before
{Heap before GC invocations=56 (full 0):
 garbage-first heap   total 2916352K, used 1984686K [0x0000000620000000, 0x0000000800000000)
  region size 32768K, 17 young (557056K), 3 survivors (98304K)
 Metaspace       used 172667K, committed 174656K, reserved 1204224K
  class space    used 26582K, committed 27456K, reserved 1048576K
}
Event: 95.311 GC heap after
{Heap after GC invocations=57 (full 0):
 garbage-first heap   total 2916352K, used 1606848K [0x0000000620000000, 0x0000000800000000)
  region size 32768K, 3 young (98304K), 3 survivors (98304K)
 Metaspace       used 172667K, committed 174656K, reserved 1204224K
  class space    used 26582K, committed 27456K, reserved 1048576K
}
Event: 100.240 GC heap before
{Heap before GC invocations=58 (full 0):
 garbage-first heap   total 3080192K, used 2065600K [0x0000000620000000, 0x0000000800000000)
  region size 32768K, 17 young (557056K), 3 survivors (98304K)
 Metaspace       used 183178K, committed 185280K, reserved 1212416K
  class space    used 27989K, committed 28992K, reserved 1048576K
}
Event: 100.319 GC heap after
{Heap after GC invocations=59 (full 0):
 garbage-first heap   total 3080192K, used 1667359K [0x0000000620000000, 0x0000000800000000)
  region size 32768K, 2 young (65536K), 2 survivors (65536K)
 Metaspace       used 183178K, committed 185280K, reserved 1212416K
  class space    used 27989K, committed 28992K, reserved 1048576K
}
Event: 106.145 GC heap before
{Heap before GC invocations=59 (full 0):
 garbage-first heap   total 3080192K, used 2191647K [0x0000000620000000, 0x0000000800000000)
  region size 32768K, 18 young (589824K), 2 survivors (65536K)
 Metaspace       used 185962K, committed 188032K, reserved 1212416K
  class space    used 28356K, committed 29312K, reserved 1048576K
}
Event: 106.202 GC heap after
{Heap after GC invocations=60 (full 0):
 garbage-first heap   total 3080192K, used 1631956K [0x0000000620000000, 0x0000000800000000)
  region size 32768K, 2 young (65536K), 2 survivors (65536K)
 Metaspace       used 185962K, committed 188032K, reserved 1212416K
  class space    used 28356K, committed 29312K, reserved 1048576K
}
Event: 109.044 GC heap before
{Heap before GC invocations=60 (full 0):
 garbage-first heap   total 3080192K, used 2156244K [0x0000000620000000, 0x0000000800000000)
  region size 32768K, 18 young (589824K), 2 survivors (65536K)
 Metaspace       used 187699K, committed 189824K, reserved 1212416K
  class space    used 28576K, committed 29568K, reserved 1048576K
}
Event: 109.114 GC heap after
{Heap after GC invocations=61 (full 0):
 garbage-first heap   total 3080192K, used 1650979K [0x0000000620000000, 0x0000000800000000)
  region size 32768K, 3 young (98304K), 3 survivors (98304K)
 Metaspace       used 187699K, committed 189824K, reserved 1212416K
  class space    used 28576K, committed 29568K, reserved 1048576K
}

